#
# There is insufficient memory for the Java Runtime Environment to continue.
# Native memory allocation (malloc) failed to allocate 1048576 bytes for AllocateHeap
# Possible reasons:
#   The system is out of physical RAM or swap space
#   The process is running with CompressedOops enabled, and the Java Heap may be blocking the growth of the native heap
# Possible solutions:
#   Reduce memory load on the system
#   Increase physical memory or swap space
#   Check if swap backing store is full
#   Decrease Java heap size (-Xmx/-Xms)
#   Decrease number of Java threads
#   Decrease Java thread stack sizes (-Xss)
#   Set larger code cache with -XX:ReservedCodeCacheSize=
#   JVM is running with Unscaled Compressed Oops mode in which the Java heap is
#     placed in the first 4GB address space. The Java Heap base address is the
#     maximum limit for the native heap growth. Please use -XX:HeapBaseMinAddress
#     to set the Java Heap base and to place the Java Heap above 4GB virtual address.
# This output file may be truncated or incomplete.
#
#  Out of Memory Error (memory/allocation.inline.hpp:61), pid=27392, tid=0x00000000000051c4
#
# JRE version:  (8.0_221-b11) (build )
# Java VM: Java HotSpot(TM) 64-Bit Server VM (25.221-b11 mixed mode windows-amd64 compressed oops)
# Failed to write core dump. Minidumps are not enabled by default on client versions of Windows
#

---------------  T H R E A D  ---------------

Current thread (0x00000000028a2800):  JavaThread "Unknown thread" [_thread_in_vm, id=20932, stack(0x00000000027a0000,0x00000000028a0000)]

Stack: [0x00000000027a0000,0x00000000028a0000]
[error occurred during error reporting (printing stack bounds), id 0xc0000005]

Native frames: (J=compiled Java code, j=interpreted, Vv=VM code, C=native code)


---------------  P R O C E S S  ---------------

Java Threads: ( => current thread )

Other Threads:

=>0x00000000028a2800 (exited) JavaThread "Unknown thread" [_thread_in_vm, id=20932, stack(0x00000000027a0000,0x00000000028a0000)]

VM state:not at safepoint (normal execution)

VM Mutex/Monitor currently owned by a thread: None

heap address: 0x00000000ff000000, size: 16 MB, Compressed Oops mode: 32-bit
Narrow klass base: 0x0000000000000000, Narrow klass shift: 3
Compressed class space size: 1073741824 Address: 0x0000000100000000

Heap:
 PSYoungGen      total 4608K, used 81K [0x00000000ffb00000, 0x0000000100000000, 0x0000000100000000)
  eden space 4096K, 2% used [0x00000000ffb00000,0x00000000ffb147b8,0x00000000fff00000)
  from space 512K, 0% used [0x00000000fff80000,0x00000000fff80000,0x0000000100000000)
  to   space 512K, 0% used [0x00000000fff00000,0x00000000fff00000,0x00000000fff80000)
 ParOldGen       total 11264K, used 0K [0x00000000ff000000, 0x00000000ffb00000, 0x00000000ffb00000)
  object space 11264K, 0% used [0x00000000ff000000,0x00000000ff000000,0x00000000ffb00000)
 Metaspace       used 776K, capacity 4480K, committed 4480K, reserved 1056768K
  class space    used 76K, capacity 384K, committed 384K, reserved 1048576K

Card table byte_map: [0x0000000000d80000,0x0000000000d90000] byte_map_base: 0x0000000000588000

Marking Bits: (ParMarkBitMap*) 0x0000000068295ce0
 Begin Bits: [0x00000000025c0000, 0x0000000002600000)
 End Bits:   [0x0000000002600000, 0x0000000002640000)

Polling page: 0x0000000000d40000

CodeCache: size=245760Kb used=327Kb max_used=327Kb free=245432Kb
 bounds [0x00000000029a0000, 0x0000000002c10000, 0x00000000119a0000]
 total_blobs=57 nmethods=0 adapters=38
 compilation: enabled

Compilation events (0 events):
No events

GC Heap History (0 events):
No events

Deoptimization events (0 events):
No events

Classes redefined (0 events):
No events

Internal exceptions (0 events):
No events

Events (10 events):
Event: 0.039 loading class java/lang/Short
Event: 0.039 loading class java/lang/Short done
Event: 0.039 loading class java/lang/Integer
Event: 0.040 loading class java/lang/Integer done
Event: 0.040 loading class java/lang/Long
Event: 0.040 loading class java/lang/Long done
Event: 0.041 loading class java/lang/NullPointerException
Event: 0.041 loading class java/lang/NullPointerException done
Event: 0.041 loading class java/lang/ArithmeticException
Event: 0.041 loading class java/lang/ArithmeticException done


Dynamic libraries:
0x00007ff6fede0000 - 0x00007ff6fee17000 	C:\Program Files\Java\jdk1.8.0_221\bin\javaw.exe
0x00007fffd5e60000 - 0x00007fffd60c8000 	C:\WINDOWS\SYSTEM32\ntdll.dll
0x00007fffd4260000 - 0x00007fffd4329000 	C:\WINDOWS\System32\KERNEL32.DLL
0x00007fffd36b0000 - 0x00007fffd3aa2000 	C:\WINDOWS\System32\KERNELBASE.dll
0x00007fffd5460000 - 0x00007fffd5514000 	C:\WINDOWS\System32\ADVAPI32.dll
0x00007fffd51e0000 - 0x00007fffd5289000 	C:\WINDOWS\System32\msvcrt.dll
0x00007fffd52b0000 - 0x00007fffd5356000 	C:\WINDOWS\System32\sechost.dll
0x00007fffd50c0000 - 0x00007fffd51d8000 	C:\WINDOWS\System32\RPCRT4.dll
0x00007fffd3e00000 - 0x00007fffd3fc5000 	C:\WINDOWS\System32\USER32.dll
0x00007fffd3510000 - 0x00007fffd3537000 	C:\WINDOWS\System32\win32u.dll
0x00007fffd5a60000 - 0x00007fffd5a8b000 	C:\WINDOWS\System32\GDI32.dll
0x00007fffd3340000 - 0x00007fffd346d000 	C:\WINDOWS\System32\gdi32full.dll
0x00007fffd3140000 - 0x00007fffd31e3000 	C:\WINDOWS\System32\msvcp_win.dll
0x00007fffd2ff0000 - 0x00007fffd313b000 	C:\WINDOWS\System32\ucrtbase.dll
0x00007fffc0e20000 - 0x00007fffc10b3000 	C:\WINDOWS\WinSxS\amd64_microsoft.windows.common-controls_6595b64144ccf1df_6.0.26100.6899_none_3e0efeeae32e88c1\COMCTL32.dll
0x00007fffd5a90000 - 0x00007fffd5abf000 	C:\WINDOWS\System32\IMM32.DLL
0x0000000068320000 - 0x00000000683f2000 	C:\Program Files\Java\jdk1.8.0_221\jre\bin\msvcr100.dll
0x0000000067a70000 - 0x0000000068315000 	C:\Program Files\Java\jdk1.8.0_221\jre\bin\server\jvm.dll
0x00007fffd4c70000 - 0x00007fffd4c78000 	C:\WINDOWS\System32\PSAPI.DLL
0x00007fffbfbe0000 - 0x00007fffbfbea000 	C:\WINDOWS\SYSTEM32\WSOCK32.dll
0x00007fffc86d0000 - 0x00007fffc8705000 	C:\WINDOWS\SYSTEM32\WINMM.dll
0x00007fffc1430000 - 0x00007fffc143b000 	C:\WINDOWS\SYSTEM32\VERSION.dll
0x00007fffd4330000 - 0x00007fffd43a4000 	C:\WINDOWS\System32\WS2_32.dll
0x00007fffbf3f0000 - 0x00007fffbf3ff000 	C:\Program Files\Java\jdk1.8.0_221\jre\bin\verify.dll
0x00007fffb4880000 - 0x00007fffb48a9000 	C:\Program Files\Java\jdk1.8.0_221\jre\bin\java.dll
0x00007fffb7220000 - 0x00007fffb7236000 	C:\Program Files\Java\jdk1.8.0_221\jre\bin\zip.dll

VM Arguments:
jvm_args: -Xmx16m 
java_command: org.eclipse.jdt.internal.launching.support.LibraryDetector
java_class_path (initial): C:\Users\bcaro\AppData\Roaming\Code\User\globalStorage\redhat.java\1.49.0\config_win\org.eclipse.osgi\57\0\.cp\lib\launchingsupport.jar
Launcher Type: SUN_STANDARD

Environment Variables:
JAVA_HOME=C:\Users\bcaro\Downloads\jdk-17
PATH=C:\Program Files\Eclipse Adoptium\jdk-17.0.16.8-hotspot\bin;C:\oraclexe\app\oracle\product\11.2.0\server\bin;C:\Program Files (x86)\Common Files\Oracle\Java\javapath;C:\WINDOWS\system32;C:\WINDOWS;C:\WINDOWS\System32\Wbem;C:\WINDOWS\System32\WindowsPowerShell\v1.0\;C:\WINDOWS\System32\OpenSSH\;C:\Program Files\Git\cmd;C:\Program Files\nodejs\;C:\Program Files\PowerShell\7\;C:\Program Files\PowerShell\7-preview\preview;C:\Users\bcaro\Downloads\apache-maven-3.9.11-bin;C:\Users\bcaro\Downloads\apache-maven-3.9.11-bin;C:\Users\bcaro\Downloads\apache-maven-3.9.11-bin\apache-maven-3.9.11\bin;C:\Users\bcaro\Downloads\apache-maven-3.9.11-bin;C:\Users\bcaro\AppData\Local\Programs\Microsoft VS Code\bin;C:\Users\bcaro\AppData\Roaming\npm;C:\Users\bcaro\AppData\Local\GitHubDesktop\bin;C:\Program Files\Apache\Maven;C:\Program Files\apache-maven-3.9.11-bin;
USERNAME=bcaro
OS=Windows_NT
PROCESSOR_IDENTIFIER=AMD64 Family 23 Model 160 Stepping 0, AuthenticAMD



---------------  S Y S T E M  ---------------

OS: Windows 10.0 , 64 bit Build 26100 (10.0.26100.6725)

CPU:total 8 (initial active 8) (8 cores per cpu, 1 threads per core) family 23 model 160 stepping 0, cmov, cx8, fxsr, mmx, sse, sse2, sse3, ssse3, sse4.1, sse4.2, popcnt, avx, avx2, aes, clmul, mmxext, 3dnowpref, lzcnt, sse4a, tsc, tscinvbit, tscinv, bmi1

Memory: 4k page, physical 7634556k(508740k free), swap 30703212k(3984k free)

vm_info: Java HotSpot(TM) 64-Bit Server VM (25.221-b11) for windows-amd64 JRE (1.8.0_221-b11), built on Jul  4 2019 04:39:29 by "java_re" with MS VC++ 10.0 (VS2010)

time: Tue Dec 02 15:09:37 2025
timezone: Hora verano Sudamérica Pacífico
elapsed time: 0 seconds (0d 0h 0m 0s)

